<?xml version="1.0" encoding="UTF-8"?>
<testsuite xmlns:xsi="http://www.w3.org/2001/XMLSchema-instance" xsi:noNamespaceSchemaLocation="https://maven.apache.org/surefire/maven-surefire-plugin/xsd/surefire-test-report.xsd" name="com.vrp.app.AppTest" time="0.015" tests="1" errors="0" skipped="0" failures="0">
  <properties>
    <property name="sun.desktop" value="gnome"/>
    <property name="awt.toolkit" value="sun.awt.X11.XToolkit"/>
    <property name="file.encoding.pkg" value="sun.io"/>
    <property name="java.specification.version" value="1.8"/>
    <property name="sun.cpu.isalist" value=""/>
    <property name="sun.jnu.encoding" value="UTF-8"/>
    <property name="java.class.path" value="/home/michalis/rvs_new/vrp/target/test-classes:/home/michalis/rvs_new/vrp/target/classes:/home/michalis/.m2/repository/junit/junit/4.11/junit-4.11.jar:/home/michalis/.m2/repository/org/hamcrest/hamcrest-core/1.3/hamcrest-core-1.3.jar:"/>
    <property name="java.vm.vendor" value="Oracle Corporation"/>
    <property name="sun.arch.data.model" value="64"/>
    <property name="java.vendor.url" value="http://java.oracle.com/"/>
    <property name="user.timezone" value=""/>
    <property name="java.vm.specification.version" value="1.8"/>
    <property name="os.name" value="Linux"/>
    <property name="user.country" value="US"/>
    <property name="sun.java.launcher" value="SUN_STANDARD"/>
    <property name="sun.boot.library.path" value="/home/michalis/TornadoVM-Research/graal-jvmci-8/openjdk1.8.0_242/linux-amd64/product/jre/lib/amd64"/>
    <property name="sun.java.command" value="/home/michalis/rvs_new/vrp/target/surefire/surefirebooter4670394971592471441.jar /home/michalis/rvs_new/vrp/target/surefire 2020-07-25T18-35-41_555-jvmRun1 surefire7243739305797703697tmp surefire_02507391064365585467tmp"/>
    <property name="surefire.test.class.path" value="/home/michalis/rvs_new/vrp/target/test-classes:/home/michalis/rvs_new/vrp/target/classes:/home/michalis/.m2/repository/junit/junit/4.11/junit-4.11.jar:/home/michalis/.m2/repository/org/hamcrest/hamcrest-core/1.3/hamcrest-core-1.3.jar:"/>
    <property name="sun.cpu.endian" value="little"/>
    <property name="user.home" value="/home/michalis"/>
    <property name="user.language" value="en"/>
    <property name="java.specification.vendor" value="Oracle Corporation"/>
    <property name="java.home" value="/home/michalis/TornadoVM-Research/graal-jvmci-8/openjdk1.8.0_242/linux-amd64/product/jre"/>
    <property name="basedir" value="/home/michalis/rvs_new/vrp"/>
    <property name="file.separator" value="/"/>
    <property name="line.separator" value="&#10;"/>
    <property name="java.vm.specification.vendor" value="Oracle Corporation"/>
    <property name="java.specification.name" value="Java Platform API Specification"/>
    <property name="java.awt.graphicsenv" value="sun.awt.X11GraphicsEnvironment"/>
    <property name="surefire.real.class.path" value="/home/michalis/rvs_new/vrp/target/surefire/surefirebooter4670394971592471441.jar"/>
    <property name="sun.boot.class.path" value="/home/michalis/TornadoVM-Research/graal-jvmci-8/openjdk1.8.0_242/linux-amd64/product/jre/lib/resources.jar:/home/michalis/TornadoVM-Research/graal-jvmci-8/openjdk1.8.0_242/linux-amd64/product/jre/lib/rt.jar:/home/michalis/TornadoVM-Research/graal-jvmci-8/openjdk1.8.0_242/linux-amd64/product/jre/lib/sunrsasign.jar:/home/michalis/TornadoVM-Research/graal-jvmci-8/openjdk1.8.0_242/linux-amd64/product/jre/lib/jsse.jar:/home/michalis/TornadoVM-Research/graal-jvmci-8/openjdk1.8.0_242/linux-amd64/product/jre/lib/jce.jar:/home/michalis/TornadoVM-Research/graal-jvmci-8/openjdk1.8.0_242/linux-amd64/product/jre/lib/charsets.jar:/home/michalis/TornadoVM-Research/graal-jvmci-8/openjdk1.8.0_242/linux-amd64/product/jre/lib/jfr.jar:/home/michalis/TornadoVM-Research/graal-jvmci-8/openjdk1.8.0_242/linux-amd64/product/jre/lib/jvmci-services.jar:/home/michalis/TornadoVM-Research/graal-jvmci-8/openjdk1.8.0_242/linux-amd64/product/jre/classes"/>
    <property name="sun.management.compiler" value="HotSpot 64-Bit Tiered Compilers"/>
    <property name="java.runtime.version" value="1.8.0_242-8u242-b08-0ubuntu3~19.10-b08"/>
    <property name="user.name" value="michalis"/>
    <property name="path.separator" value=":"/>
    <property name="os.version" value="5.4.0-42-generic"/>
    <property name="java.endorsed.dirs" value="/home/michalis/TornadoVM-Research/graal-jvmci-8/openjdk1.8.0_242/linux-amd64/product/jre/lib/endorsed"/>
    <property name="java.runtime.name" value="OpenJDK Runtime Environment"/>
    <property name="file.encoding" value="UTF-8"/>
    <property name="java.vm.name" value="OpenJDK 64-Bit Server VM"/>
    <property name="localRepository" value="/home/michalis/.m2/repository"/>
    <property name="java.vendor.url.bug" value="http://bugreport.sun.com/bugreport/"/>
    <property name="java.io.tmpdir" value="/tmp"/>
    <property name="java.version" value="1.8.0_242"/>
    <property name="user.dir" value="/home/michalis/rvs_new/vrp"/>
    <property name="os.arch" value="amd64"/>
    <property name="java.vm.specification.name" value="Java Virtual Machine Specification"/>
    <property name="java.awt.printerjob" value="sun.print.PSPrinterJob"/>
    <property name="sun.os.patch.level" value="unknown"/>
    <property name="java.library.path" value="/usr/java/packages/lib/amd64:/usr/lib64:/lib64:/lib:/usr/lib"/>
    <property name="java.vm.info" value="mixed mode"/>
    <property name="java.vendor" value="Private Build"/>
    <property name="java.vm.version" value="25.242-b08-jvmci-20.0-b03-dev"/>
    <property name="java.ext.dirs" value="/home/michalis/TornadoVM-Research/graal-jvmci-8/openjdk1.8.0_242/linux-amd64/product/jre/lib/ext:/usr/java/packages/lib/ext"/>
    <property name="sun.io.unicode.encoding" value="UnicodeLittle"/>
    <property name="java.class.version" value="52.0"/>
  </properties>
  <testcase name="shouldAnswerWithTrue" classname="com.vrp.app.AppTest" time="0.001"/>
</testsuite>